[2025-03-31 16:25:37,862] root - INFO - Connected to Neo4j database successfully
[2025-03-31 16:25:37,876] root - INFO - LLMSS initialized successfully
[2025-03-31 16:25:37,876] root - INFO - StudentAnswerEvaluator initialized successfully
[2025-03-31 16:25:37,876] root - INFO - Neo4jAnswerEvaluationSystem initialized successfully
[2025-03-31 16:25:42,788] root - INFO - Evaluating answer for question: Define Artificial Intelligence...
[2025-03-31 16:25:51,442] httpx - INFO - HTTP Request: POST http://127.0.0.1:11434/api/generate "HTTP/1.1 200 OK"
[2025-03-31 16:25:52,783] root - INFO - Evaluation complete. Total score: 0, Grade: F
[2025-03-31 16:25:52,899] httpx - INFO - HTTP Request: POST http://127.0.0.1:11434/api/generate "HTTP/1.1 200 OK"
[2025-03-31 16:25:58,270] root - WARNING - No answers found for student 2115500007 in subject Artificial Intelligence
[2025-03-31 16:25:58,277] root - INFO - Evaluating answer for question: Define Artificial Intelligence...
[2025-03-31 16:25:58,389] httpx - INFO - HTTP Request: POST http://127.0.0.1:11434/api/generate "HTTP/1.1 200 OK"
[2025-03-31 16:25:59,649] root - INFO - Evaluation complete. Total score: 0, Grade: F
[2025-03-31 19:10:30,898] root - ERROR - Failed to connect to Neo4j: URI scheme '' is not supported. Supported URI schemes are ['bolt', 'bolt+ssc', 'bolt+s', 'neo4j', 'neo4j+ssc', 'neo4j+s']. Examples: bolt://host[:port] or neo4j://host[:port][?routing_context]
[2025-03-31 19:11:01,477] root - ERROR - Failed to connect to Neo4j: URI scheme '' is not supported. Supported URI schemes are ['bolt', 'bolt+ssc', 'bolt+s', 'neo4j', 'neo4j+ssc', 'neo4j+s']. Examples: bolt://host[:port] or neo4j://host[:port][?routing_context]
[2025-03-31 19:11:02,789] root - ERROR - Failed to connect to Neo4j: URI scheme '' is not supported. Supported URI schemes are ['bolt', 'bolt+ssc', 'bolt+s', 'neo4j', 'neo4j+ssc', 'neo4j+s']. Examples: bolt://host[:port] or neo4j://host[:port][?routing_context]
[2025-03-31 19:11:03,573] root - ERROR - Failed to connect to Neo4j: URI scheme '' is not supported. Supported URI schemes are ['bolt', 'bolt+ssc', 'bolt+s', 'neo4j', 'neo4j+ssc', 'neo4j+s']. Examples: bolt://host[:port] or neo4j://host[:port][?routing_context]
[2025-03-31 19:11:36,434] root - ERROR - Failed to connect to Neo4j: URI scheme '' is not supported. Supported URI schemes are ['bolt', 'bolt+ssc', 'bolt+s', 'neo4j', 'neo4j+ssc', 'neo4j+s']. Examples: bolt://host[:port] or neo4j://host[:port][?routing_context]
[2025-03-31 19:11:39,020] root - ERROR - Failed to connect to Neo4j: URI scheme '' is not supported. Supported URI schemes are ['bolt', 'bolt+ssc', 'bolt+s', 'neo4j', 'neo4j+ssc', 'neo4j+s']. Examples: bolt://host[:port] or neo4j://host[:port][?routing_context]
[2025-03-31 19:11:43,308] root - ERROR - Failed to connect to Neo4j: URI scheme '' is not supported. Supported URI schemes are ['bolt', 'bolt+ssc', 'bolt+s', 'neo4j', 'neo4j+ssc', 'neo4j+s']. Examples: bolt://host[:port] or neo4j://host[:port][?routing_context]
[2025-03-31 19:11:43,922] root - ERROR - Failed to connect to Neo4j: URI scheme '' is not supported. Supported URI schemes are ['bolt', 'bolt+ssc', 'bolt+s', 'neo4j', 'neo4j+ssc', 'neo4j+s']. Examples: bolt://host[:port] or neo4j://host[:port][?routing_context]
[2025-03-31 19:11:44,411] root - ERROR - Failed to connect to Neo4j: URI scheme '' is not supported. Supported URI schemes are ['bolt', 'bolt+ssc', 'bolt+s', 'neo4j', 'neo4j+ssc', 'neo4j+s']. Examples: bolt://host[:port] or neo4j://host[:port][?routing_context]
[2025-03-31 19:11:45,567] root - ERROR - Failed to connect to Neo4j: URI scheme '' is not supported. Supported URI schemes are ['bolt', 'bolt+ssc', 'bolt+s', 'neo4j', 'neo4j+ssc', 'neo4j+s']. Examples: bolt://host[:port] or neo4j://host[:port][?routing_context]
[2025-03-31 19:12:14,929] root - INFO - Connected to Neo4j database successfully
[2025-03-31 19:12:14,965] root - INFO - LLMSS initialized successfully
[2025-03-31 19:12:14,967] root - INFO - StudentAnswerEvaluator initialized successfully
[2025-03-31 19:12:14,967] root - INFO - Neo4jAnswerEvaluationSystem initialized successfully
[2025-03-31 19:12:15,006] root - INFO - Evaluating answer for question: Define Artificial Intelligence...
[2025-03-31 19:12:21,090] httpx - INFO - HTTP Request: POST http://127.0.0.1:11434/api/generate "HTTP/1.1 200 OK"
[2025-03-31 19:12:22,378] root - INFO - Evaluation complete. Total score: 0, Grade: F
[2025-03-31 19:12:22,440] httpx - INFO - HTTP Request: POST http://127.0.0.1:11434/api/generate "HTTP/1.1 200 OK"
[2025-03-31 19:12:28,066] root - WARNING - No answers found for student 2115500007 in subject Artificial Intelligence
[2025-03-31 19:12:28,071] root - INFO - Evaluating answer for question: Define Artificial Intelligence...
[2025-03-31 19:12:28,185] httpx - INFO - HTTP Request: POST http://127.0.0.1:11434/api/generate "HTTP/1.1 200 OK"
[2025-03-31 19:12:29,455] root - INFO - Evaluation complete. Total score: 0, Grade: F
[2025-03-31 19:12:52,323] root - ERROR - Failed to connect to Neo4j: URI scheme '' is not supported. Supported URI schemes are ['bolt', 'bolt+ssc', 'bolt+s', 'neo4j', 'neo4j+ssc', 'neo4j+s']. Examples: bolt://host[:port] or neo4j://host[:port][?routing_context]
[2025-03-31 19:12:53,173] root - ERROR - Failed to connect to Neo4j: URI scheme '' is not supported. Supported URI schemes are ['bolt', 'bolt+ssc', 'bolt+s', 'neo4j', 'neo4j+ssc', 'neo4j+s']. Examples: bolt://host[:port] or neo4j://host[:port][?routing_context]
[2025-03-31 21:01:37,162] root - ERROR - Failed to connect to Neo4j: URI scheme '' is not supported. Supported URI schemes are ['bolt', 'bolt+ssc', 'bolt+s', 'neo4j', 'neo4j+ssc', 'neo4j+s']. Examples: bolt://host[:port] or neo4j://host[:port][?routing_context]
[2025-03-31 22:17:09,266] neo4j.notifications - WARNING - Received notification from DBMS server: {severity: WARNING} {code: Neo.ClientNotification.Statement.UnknownRelationshipTypeWarning} {category: UNRECOGNIZED} {title: The provided relationship type is not in the database.} {description: One of the relationship types in your query is not available in the database, make sure you didn't misspell it or that the label is available when you run this statement in your application (the missing relationship type is: SAME_TOPIC)} {position: line: 1, column: 36, offset: 35} for query: 'MATCH (q1:Question {id: $qid1})-[r:SAME_TOPIC]->(q2:Question {id: $qid2}) RETURN COUNT(r) AS relationship_count'
[2025-03-31 22:17:09,353] neo4j.notifications - INFO - Received notification from DBMS server: {severity: INFORMATION} {code: Neo.ClientNotification.Statement.CartesianProduct} {category: PERFORMANCE} {title: This query builds a cartesian product between disconnected patterns.} {description: If a part of a query contains multiple disconnected patterns, this will build a cartesian product between all those parts. This may produce a large amount of data and slow down query processing. While occasionally intended, it may often be possible to reformulate the query that avoids the use of this cross product, perhaps by adding a relationship between the different parts or by using OPTIONAL MATCH (identifier is: (q2))} {position: line: 1, column: 1, offset: 0} for query: 'MATCH (q1:Question {id: $qid1}), (q2:Question {id: $qid2}) WHERE q1 <> q2 CREATE (q1)-[:SAME_TOPIC]->(q2) '
[2025-03-31 22:17:42,253] neo4j.notifications - INFO - Received notification from DBMS server: {severity: INFORMATION} {code: Neo.ClientNotification.Statement.CartesianProduct} {category: PERFORMANCE} {title: This query builds a cartesian product between disconnected patterns.} {description: If a part of a query contains multiple disconnected patterns, this will build a cartesian product between all those parts. This may produce a large amount of data and slow down query processing. While occasionally intended, it may often be possible to reformulate the query that avoids the use of this cross product, perhaps by adding a relationship between the different parts or by using OPTIONAL MATCH (identifier is: (q2))} {position: line: 1, column: 1, offset: 0} for query: 'MATCH (q1:Question {id: $qid1}), (q2:Question {id: $qid2}) WHERE q1 <> q2 CREATE (q1)-[:SAME_TOPIC]->(q2) '
[2025-04-01 00:10:51,595] root - INFO - ✅ Neo4j connection established successfully
[2025-04-01 00:11:23,802] AIAnswerEvaluationSystem.logger - INFO -  No answers found for the specified subject.
[2025-04-01 00:11:42,764] AIAnswerEvaluationSystem.logger - INFO -  No answers found for the specified subject.
[2025-04-01 00:19:22,232] neo4j.notifications - WARNING - Received notification from DBMS server: {severity: WARNING} {code: Neo.ClientNotification.Statement.UnknownPropertyKeyWarning} {category: UNRECOGNIZED} {title: The provided property key is not in the database} {description: One of the property names in your query is not available in the database, make sure you didn't misspell it or that the label is available when you run this statement in your application (the missing property name is: number)} {position: line: 1, column: 232, offset: 231} for query: 'MATCH (s:Subject {name: $subject_name})-[:CONTAINS]->(q:Question) MATCH (q)-[:HAS_ANSWER]->(a) OPTIONAL MATCH (q)-[:HAS_CONTEXT]->(c) OPTIONAL MATCH (q)-[:TAGGED_WITH]->(t) WITH q, a, c, collect(DISTINCT t.name) AS tags ORDER BY q.number RETURN q.id AS qid, q.text AS question, a.text AS answer, c.text AS context, tags'
[2025-04-01 00:27:26,728] neo4j.notifications - WARNING - Received notification from DBMS server: {severity: WARNING} {code: Neo.ClientNotification.Statement.UnknownPropertyKeyWarning} {category: UNRECOGNIZED} {title: The provided property key is not in the database} {description: One of the property names in your query is not available in the database, make sure you didn't misspell it or that the label is available when you run this statement in your application (the missing property name is: number)} {position: line: 1, column: 232, offset: 231} for query: 'MATCH (s:Subject {name: $subject_name})-[:CONTAINS]->(q:Question) MATCH (q)-[:HAS_ANSWER]->(a) OPTIONAL MATCH (q)-[:HAS_CONTEXT]->(c) OPTIONAL MATCH (q)-[:TAGGED_WITH]->(t) WITH q, a, c, collect(DISTINCT t.name) AS tags ORDER BY q.number RETURN q.id AS qid, q.text AS question, a.text AS answer, c.text AS context, tags'
